<?xml version="1.0" encoding="UTF-8"?>
<!-- Generated by org.testng.reporters.JUnitReportReporter -->
<testsuite skipped="0" hostname="Veerendra-PC" name="com.testcases.Tc_01" tests="1" failures="0" timestamp="14 Feb 2019 18:16:38 GMT" time="10.771" errors="0">
  <testcase name="launchBrowser" time="10.771" classname="com.testcases.Tc_01"/>
</testsuite> <!-- com.testcases.Tc_01 -->
